<?xml version="1.0" encoding="UTF-8"?>
<testng-results ignored="0" total="2" passed="2" failed="0" skipped="0">
  <reporter-output>
  </reporter-output>
  <suite started-at="2022-07-04T13:45:32 EEST" name="Default Suite" finished-at="2022-07-04T13:47:18 EEST" duration-ms="106312">
    <groups>
    </groups>
    <test started-at="2022-07-04T13:45:32 EEST" name="test_project" finished-at="2022-07-04T13:47:18 EEST" duration-ms="106312">
      <class name="ResultPageTest">
        <test-method is-config="true" signature="setUp()[pri:0, instance:ResultPageTest@fbd1f6]" started-at="2022-07-04T13:45:32 EEST" name="setUp" finished-at="2022-07-04T13:46:19 EEST" duration-ms="46881" status="PASS">
          <reporter-output>
          </reporter-output>
        </test-method> <!-- setUp -->
        <test-method signature="checkSwitchPage()[pri:1, instance:ResultPageTest@fbd1f6]" started-at="2022-07-04T13:46:19 EEST" name="checkSwitchPage" finished-at="2022-07-04T13:46:19 EEST" duration-ms="107" status="PASS">
          <reporter-output>
          </reporter-output>
        </test-method> <!-- checkSwitchPage -->
        <test-method is-config="true" signature="tearDown()[pri:0, instance:ResultPageTest@fbd1f6]" started-at="2022-07-04T13:46:19 EEST" name="tearDown" finished-at="2022-07-04T13:46:19 EEST" duration-ms="398" status="PASS">
          <reporter-output>
          </reporter-output>
        </test-method> <!-- tearDown -->
        <test-method is-config="true" signature="setUp()[pri:0, instance:ResultPageTest@fbd1f6]" started-at="2022-07-04T13:46:19 EEST" name="setUp" finished-at="2022-07-04T13:47:11 EEST" duration-ms="51502" status="PASS">
          <reporter-output>
          </reporter-output>
        </test-method> <!-- setUp -->
        <test-method signature="checkList()[pri:2, instance:ResultPageTest@fbd1f6]" started-at="2022-07-04T13:47:11 EEST" name="checkList" finished-at="2022-07-04T13:47:18 EEST" duration-ms="6938" status="PASS">
          <reporter-output>
          </reporter-output>
        </test-method> <!-- checkList -->
        <test-method is-config="true" signature="tearDown()[pri:0, instance:ResultPageTest@fbd1f6]" started-at="2022-07-04T13:47:18 EEST" name="tearDown" finished-at="2022-07-04T13:47:18 EEST" duration-ms="427" status="PASS">
          <reporter-output>
          </reporter-output>
        </test-method> <!-- tearDown -->
      </class> <!-- ResultPageTest -->
    </test> <!-- test_project -->
  </suite> <!-- Default Suite -->
</testng-results>
